[07:49:03.935] [32mINFO[39m (29356): [36mserver running on http://localhost:8080[39m
[07:49:09.284] [32mINFO[39m (29356): [36mmongoDB connected[39m
[08:17:15.793] [32mINFO[39m (29356): [36mNew subscriber added[39m
[10:29:35.985] [32mINFO[39m (31589): [36mserver running on http://localhost:8080[39m
[10:29:41.434] [32mINFO[39m (31589): [36mmongoDB connected[39m
[15:47:31.414] [32mINFO[39m (38251): [36mserver running on http://localhost:8080[39m
[15:47:34.378] [32mINFO[39m (38251): [36mmongoDB connected[39m
[10:28:04.597] [32mINFO[39m (69635): [36mserver running on http://localhost:8080[39m
[10:28:06.375] [32mINFO[39m (69635): [36mmongoDB connected[39m
[11:10:00.802] [32mINFO[39m (70398): [36mserver running on http://localhost:8080[39m
[11:10:02.602] [32mINFO[39m (70398): [36mmongoDB connected[39m
[11:11:10.514] [32mINFO[39m (70504): [36mserver running on http://localhost:8080[39m
[11:11:12.033] [32mINFO[39m (70504): [36mmongoDB connected[39m
[11:16:17.951] [32mINFO[39m (70668): [36mserver running on http://localhost:8080[39m
[11:16:19.634] [32mINFO[39m (70668): [36mmongoDB connected[39m
[11:18:19.968] [32mINFO[39m (70770): [36mserver running on http://localhost:8080[39m
[11:18:21.874] [32mINFO[39m (70770): [36mmongoDB connected[39m
[11:19:25.244] [32mINFO[39m (70869): [36mserver running on http://localhost:8080[39m
[11:19:27.601] [32mINFO[39m (70869): [36mmongoDB connected[39m
[11:21:58.731] [32mINFO[39m (70995): [36mserver running on http://localhost:8080[39m
[11:22:00.975] [32mINFO[39m (70995): [36mmongoDB connected[39m
[11:25:13.805] [32mINFO[39m (71109): [36mserver running on http://localhost:8080[39m
[11:25:17.581] [32mINFO[39m (71109): [36mmongoDB connected[39m
[11:25:52.904] [32mINFO[39m (71197): [36mserver running on http://localhost:8080[39m
[11:25:57.107] [32mINFO[39m (71197): [36mmongoDB connected[39m
[11:28:01.953] [32mINFO[39m (71327): [36mserver running on http://localhost:8080[39m
[11:28:08.250] [32mINFO[39m (71327): [36mmongoDB connected[39m
[11:51:00.029] [32mINFO[39m (72161): [36mserver running on http://localhost:8080[39m
[11:51:04.122] [32mINFO[39m (72161): [36mmongoDB connected[39m
[11:51:08.905] [32mINFO[39m (72161): [36mAdded product 64f6c0f4b2f4a1b1d1a67890 to cart for user 64f6b8e4a1f2c8b9a1e12345[39m
[11:55:41.584] [31mERROR[39m (72161): [36mError updating quantity, Cannot destructure property 'userId' of 'req.body' as it is undefined.[39m
[11:55:44.605] [31mERROR[39m (72161): [36mError removing item, Cannot destructure property 'userId' of 'req.body' as it is undefined.[39m
[14:17:08.220] [32mINFO[39m (91686): [36mserver running on http://localhost:8080[39m
[14:17:10.192] [32mINFO[39m (91686): [36mmongoDB connected[39m
[18:05:53.454] [32mINFO[39m (93874): [36mserver running on http://localhost:8080[39m
[18:05:55.350] [32mINFO[39m (93874): [36mmongoDB connected[39m
[18:16:16.563] [32mINFO[39m (93986): [36mserver running on http://localhost:8080[39m
[18:16:18.814] [32mINFO[39m (93986): [36mmongoDB connected[39m
[18:17:51.050] [32mINFO[39m (94028): [36mserver running on http://localhost:8080[39m
[18:17:52.932] [32mINFO[39m (94028): [36mmongoDB connected[39m
[10:16:02.993] [32mINFO[39m (91686): [36mNew subscriber added[39m
